# JRE version: OpenJDK Runtime Environment Temurin-11.0.19+7 (11.0.19+7) (build 11.0.19+7)
# Java VM: OpenJDK 64-Bit Server VM Temurin-11.0.19+7 (11.0.19+7, mixed mode, tiered, compressed oops, g1 gc, windows-amd64)
Heap:
 garbage-first heap   total 131072K, used 83690K [0x00000000e0000000, 0x0000000100000000)
  region size 1024K, 38 young (38912K), 5 survivors (5120K)
 Metaspace       used 42269K, capacity 43499K, committed 43696K, reserved 1087488K
  class space    used 4754K, capacity 5251K, committed 5376K, reserved 1048576K
GC Heap History (20 events):
Event: 2.020 GC heap before
{Heap before GC invocations=2 (full 0):
 garbage-first heap   total 131072K, used 34056K [0x00000000e0000000, 0x0000000100000000)
  region size 1024K, 28 young (28672K), 1 survivors (1024K)
 Metaspace       used 14498K, capacity 14773K, committed 15104K, reserved 1062912K
  class space    used 1388K, capacity 1457K, committed 1536K, reserved 1048576K
}
Event: 2.024 GC heap after
{Heap after GC invocations=3 (full 0):
 garbage-first heap   total 131072K, used 8777K [0x00000000e0000000, 0x0000000100000000)
  region size 1024K, 3 young (3072K), 3 survivors (3072K)
 Metaspace       used 14498K, capacity 14773K, committed 15104K, reserved 1062912K
  class space    used 1388K, capacity 1457K, committed 1536K, reserved 1048576K
}
Event: 3.664 GC heap before
{Heap before GC invocations=3 (full 0):
 garbage-first heap   total 131072K, used 52809K [0x00000000e0000000, 0x0000000100000000)
  region size 1024K, 46 young (47104K), 3 survivors (3072K)
 Metaspace       used 19130K, capacity 19502K, committed 19712K, reserved 1067008K
  class space    used 1888K, capacity 2007K, committed 2048K, reserved 1048576K
}
Event: 3.684 GC heap after
{Heap after GC invocations=4 (full 0):
 garbage-first heap   total 131072K, used 15708K [0x00000000e0000000, 0x0000000100000000)
  region size 1024K, 6 young (6144K), 6 survivors (6144K)
 Metaspace       used 19130K, capacity 19502K, committed 19712K, reserved 1067008K
  class space    used 1888K, capacity 2007K, committed 2048K, reserved 1048576K
}
Event: 4.525 GC heap before
{Heap before GC invocations=4 (full 0):
 garbage-first heap   total 131072K, used 54620K [0x00000000e0000000, 0x0000000100000000)
  region size 1024K, 45 young (46080K), 6 survivors (6144K)
 Metaspace       used 20850K, capacity 21169K, committed 21296K, reserved 1069056K
  class space    used 2024K, capacity 2136K, committed 2176K, reserved 1048576K
}
Event: 4.543 GC heap after
{Heap after GC invocations=5 (full 0):
 garbage-first heap   total 131072K, used 19788K [0x00000000e0000000, 0x0000000100000000)
  region size 1024K, 8 young (8192K), 8 survivors (8192K)
 Metaspace       used 20850K, capacity 21169K, committed 21296K, reserved 1069056K
  class space    used 2024K, capacity 2136K, committed 2176K, reserved 1048576K
}
Event: 5.570 GC heap before
{Heap before GC invocations=6 (full 0):
 garbage-first heap   total 131072K, used 72012K [0x00000000e0000000, 0x0000000100000000)
  region size 1024K, 59 young (60416K), 8 survivors (8192K)
 Metaspace       used 22756K, capacity 23087K, committed 23344K, reserved 1071104K
  class space    used 2255K, capacity 2350K, committed 2432K, reserved 1048576K
}
Event: 5.589 GC heap after
{Heap after GC invocations=7 (full 0):
 garbage-first heap   total 131072K, used 23868K [0x00000000e0000000, 0x0000000100000000)
  region size 1024K, 8 young (8192K), 8 survivors (8192K)
 Metaspace       used 22756K, capacity 23087K, committed 23344K, reserved 1071104K
  class space    used 2255K, capacity 2350K, committed 2432K, reserved 1048576K
}
Event: 7.433 GC heap before
{Heap before GC invocations=7 (full 0):
 garbage-first heap   total 131072K, used 83260K [0x00000000e0000000, 0x0000000100000000)
  region size 1024K, 66 young (67584K), 8 survivors (8192K)
 Metaspace       used 26911K, capacity 27805K, committed 27952K, reserved 1075200K
  class space    used 2852K, capacity 3189K, committed 3200K, reserved 1048576K
}
Event: 7.457 GC heap after
{Heap after GC invocations=8 (full 0):
 garbage-first heap   total 131072K, used 29015K [0x00000000e0000000, 0x0000000100000000)
  region size 1024K, 9 young (9216K), 9 survivors (9216K)
 Metaspace       used 26911K, capacity 27805K, committed 27952K, reserved 1075200K
  class space    used 2852K, capacity 3189K, committed 3200K, reserved 1048576K
}
Event: 8.773 GC heap before
{Heap before GC invocations=8 (full 0):
 garbage-first heap   total 131072K, used 92503K [0x00000000e0000000, 0x0000000100000000)
  region size 1024K, 71 young (72704K), 9 survivors (9216K)
 Metaspace       used 31064K, capacity 32000K, committed 32048K, reserved 1077248K
  class space    used 3314K, capacity 3712K, committed 3712K, reserved 1048576K
}
Event: 8.801 GC heap after
{Heap after GC invocations=9 (full 0):
 garbage-first heap   total 131072K, used 35817K [0x00000000e0000000, 0x0000000100000000)
  region size 1024K, 7 young (7168K), 7 survivors (7168K)
 Metaspace       used 31064K, capacity 32000K, committed 32048K, reserved 1077248K
  class space    used 3314K, capacity 3712K, committed 3712K, reserved 1048576K
}
Event: 11.871 GC heap before
{Heap before GC invocations=9 (full 0):
 garbage-first heap   total 131072K, used 62441K [0x00000000e0000000, 0x0000000100000000)
  region size 1024K, 34 young (34816K), 7 survivors (7168K)
 Metaspace       used 34925K, capacity 35809K, committed 35888K, reserved 1081344K
  class space    used 3792K, capacity 4173K, committed 4224K, reserved 1048576K
}
Event: 11.893 GC heap after
{Heap after GC invocations=10 (full 0):
 garbage-first heap   total 131072K, used 38572K [0x00000000e0000000, 0x0000000100000000)
  region size 1024K, 3 young (3072K), 3 survivors (3072K)
 Metaspace       used 34925K, capacity 35809K, committed 35888K, reserved 1081344K
  class space    used 3792K, capacity 4173K, committed 4224K, reserved 1048576K
}
Event: 12.804 GC heap before
{Heap before GC invocations=11 (full 0):
 garbage-first heap   total 131072K, used 92844K [0x00000000e0000000, 0x0000000100000000)
  region size 1024K, 56 young (57344K), 3 survivors (3072K)
 Metaspace       used 36635K, capacity 37579K, committed 37680K, reserved 1083392K
  class space    used 4016K, capacity 4404K, committed 4480K, reserved 1048576K
}
Event: 12.819 GC heap after
{Heap after GC invocations=12 (full 0):
 garbage-first heap   total 131072K, used 41984K [0x00000000e0000000, 0x0000000100000000)
  region size 1024K, 6 young (6144K), 6 survivors (6144K)
 Metaspace       used 36635K, capacity 37579K, committed 37680K, reserved 1083392K
  class space    used 4016K, capacity 4404K, committed 4480K, reserved 1048576K
}
Event: 13.522 GC heap before
{Heap before GC invocations=12 (full 0):
 garbage-first heap   total 131072K, used 96256K [0x00000000e0000000, 0x0000000100000000)
  region size 1024K, 59 young (60416K), 6 survivors (6144K)
 Metaspace       used 38363K, capacity 39352K, committed 39472K, reserved 1083392K
  class space    used 4248K, capacity 4631K, committed 4736K, reserved 1048576K
}
Event: 13.541 GC heap after
{Heap after GC invocations=13 (full 0):
 garbage-first heap   total 131072K, used 46244K [0x00000000e0000000, 0x0000000100000000)
  region size 1024K, 8 young (8192K), 8 survivors (8192K)
 Metaspace       used 38363K, capacity 39352K, committed 39472K, reserved 1083392K
  class space    used 4248K, capacity 4631K, committed 4736K, reserved 1048576K
}
Event: 14.637 GC heap before
{Heap before GC invocations=13 (full 0):
 garbage-first heap   total 131072K, used 98468K [0x00000000e0000000, 0x0000000100000000)
  region size 1024K, 59 young (60416K), 8 survivors (8192K)
 Metaspace       used 41021K, capacity 42255K, committed 42416K, reserved 1087488K
  class space    used 4595K, capacity 5068K, committed 5120K, reserved 1048576K
}
Event: 14.655 GC heap after
{Heap after GC invocations=14 (full 0):
 garbage-first heap   total 131072K, used 50922K [0x00000000e0000000, 0x0000000100000000)
  region size 1024K, 5 young (5120K), 5 survivors (5120K)
 Metaspace       used 41021K, capacity 42255K, committed 42416K, reserved 1087488K
  class space    used 4595K, capacity 5068K, committed 5120K, reserved 1048576K
}

